<?xml version="1.0" encoding="UTF-8"?>
<!-- Generated by org.testng.reporters.JUnitXMLReporter -->
<testsuite ignored="0" hostname="DESKTOP-C84JI4A" failures="0" tests="5" name="Nopcommerce" time="58.788" errors="0" timestamp="2024-05-04T18:45:38 BDT">
  <testcase classname="Tests.Testcases.UserRegistrationTest" name="testToVerifyRegistration" time="7.596"/>
  <testcase classname="Tests.Testcases.UserRegistrationTest" name="testToVerifyRegistration" time="7.296"/>
  <testcase classname="Tests.Testcases.UserRegistrationTest" name="testToVerifyRegistration" time="7.283"/>
  <testcase classname="Tests.Testcases.UserRegistrationTest" name="testToVerifyRegistration" time="8.54"/>
  <testcase classname="Tests.Testcases.UserRegistrationTest" name="testToVerifyRegistration" time="9.584"/>
</testsuite> <!-- Nopcommerce -->
