<?xml version="1.0" encoding="UTF-8"?>
<!-- Generated by org.testng.reporters.JUnitXMLReporter -->
<testsuite ignored="0" hostname="DESKTOP-C84JI4A" failures="1" tests="1" name="Nopcommerce place order as guest" time="30.777" errors="0" timestamp="2024-06-11T19:03:26 BDT">
  <testcase classname="tests.testcases.PlaceOrderAsGuestTest" name="testToVerifyPlaceOrderAsGuest" time="25.675">
    <failure type="java.lang.AssertionError" message="Select next day air shipping method expected [true] but found [false]">
      <![CDATA[java.lang.AssertionError: Select next day air shipping method expected [true] but found [false]
at abstractComponents.FrameworkAssertionLibrary.stepAssertionShouldBeTrue(FrameworkAssertionLibrary.java:36)
at tests.steps.PlaceOrderAsGuestSteps.userSelectShippingMethodAndClickContinue(PlaceOrderAsGuestSteps.java:141)
at tests.testcases.PlaceOrderAsGuestTest.testToVerifyPlaceOrderAsGuest(PlaceOrderAsGuestTest.java:29)
at java.base/java.util.ArrayList.forEach(ArrayList.java:1541)
at java.base/java.util.concurrent.FutureTask.run(FutureTask.java:264)
at java.base/java.util.concurrent.ThreadPoolExecutor.runWorker(ThreadPoolExecutor.java:1128)
at java.base/java.util.concurrent.ThreadPoolExecutor$Worker.run(ThreadPoolExecutor.java:628)
at java.base/java.lang.Thread.run(Thread.java:834)
... Removed 20 stack frames]]>
    </failure>
  </testcase> <!-- testToVerifyPlaceOrderAsGuest -->
</testsuite> <!-- Nopcommerce place order as guest -->
