<?xml version="1.0" encoding="UTF-8"?>
<testsuite xmlns:xsi="http://www.w3.org/2001/XMLSchema-instance" xsi:noNamespaceSchemaLocation="https://maven.apache.org/surefire/maven-surefire-plugin/xsd/surefire-test-report-3.0.xsd" version="3.0" name="TestSuite" time="60.558" tests="5" errors="0" skipped="0" failures="0">
  <properties>
[...]
</properties>
  <testcase name="testToVerifyRegistration[Male,Anthony,Abraham,20/05/1995,email,Brainstation-23,checked,pass@1234,pass@1234,Your registration completed, org.testng.TestRunner@66713f0f](1)" classname="Tests.Testcases.UserRegistrationTest" time="7.594">
    <system-out><![CDATA[Method NAME IS : testToVerifyRegistration
18:44:42.227 INFO  Starting testcase: testToVerifyRegistration
18:44:43.218 INFO  Open URL: https://demo.nopcommerce.com/
18:44:43.866 INFO  STEP: User landed on NopCommerce homepage
18:44:44.522 INFO  user clicked on register button
18:44:44.654 INFO  STEP: User landed on NopCommerce registration page
18:44:44.816 INFO  Gender selected: Male
18:44:47.067 INFO  First name input field filled with text Anthony
18:44:48.384 INFO  Last name input field filled with text Abraham
18:44:48.592 INFO  Selected birthday: 20
18:44:48.780 INFO  Selected birth month: May
18:44:49.987 INFO  Selected birth year: 1995
]]></system-out>
    <system-err><![CDATA[SLF4J: Failed to load class "org.slf4j.impl.StaticLoggerBinder".
SLF4J: Defaulting to no-operation (NOP) logger implementation
SLF4J: See http://www.slf4j.org/codes.html#StaticLoggerBinder for further details.
May 04, 2024 6:44:39 PM org.openqa.selenium.remote.tracing.opentelemetry.OpenTelemetryTracer createTracer
INFO: Using OpenTelemetry for tracing
]]></system-err>
  </testcase>
  <testcase name="testToVerifyRegistration[Female,Alexandra,Allan,9/05/1999,email,Brainstation-23,unchecked,pass@1234,pass@1234,Your registration completed, org.testng.TestRunner@66713f0f](2)" classname="Tests.Testcases.UserRegistrationTest" time="7.296">
    <system-out><![CDATA[18:44:50.993 INFO  'Nopcommerce registration feature Test' is successfully passed
18:44:50.993 INFO  ---------------------------------------------------
18:44:52.764 INFO  Starting testcase: testToVerifyRegistration
18:44:53.486 INFO  Open URL: https://demo.nopcommerce.com/
18:44:53.652 INFO  STEP: User landed on NopCommerce homepage
18:44:54.365 INFO  user clicked on register button
18:44:54.508 INFO  STEP: User landed on NopCommerce registration page
18:44:54.654 INFO  Gender selected: Female
18:44:56.901 INFO  First name input field filled with text Alexandra
18:44:58.203 INFO  Last name input field filled with text Allan
18:44:58.435 INFO  Selected birthday: 9
18:44:58.625 INFO  Selected birth month: May
18:44:59.823 INFO  Selected birth year: 1999
]]></system-out>
  </testcase>
  <testcase name="testToVerifyRegistration[Female,Alison,Alsop,3/05/2000,email,Brainstation-23,unchecked,pass@1234,pass@1234,Your registration completed, org.testng.TestRunner@66713f0f](3)" classname="Tests.Testcases.UserRegistrationTest" time="7.282">
    <system-out><![CDATA[18:45:00.824 INFO  'Nopcommerce registration feature Test' is successfully passed
18:45:00.824 INFO  ---------------------------------------------------
18:45:02.464 INFO  Starting testcase: testToVerifyRegistration
18:45:03.254 INFO  Open URL: https://demo.nopcommerce.com/
18:45:03.447 INFO  STEP: User landed on NopCommerce homepage
18:45:03.980 INFO  user clicked on register button
18:45:04.068 INFO  STEP: User landed on NopCommerce registration page
18:45:04.181 INFO  Gender selected: Female
18:45:06.387 INFO  First name input field filled with text Alison
18:45:07.715 INFO  Last name input field filled with text Alsop
18:45:08.026 INFO  Selected birthday: 3
18:45:08.360 INFO  Selected birth month: May
18:45:09.606 INFO  Selected birth year: 2000
]]></system-out>
  </testcase>
  <testcase name="testToVerifyRegistration[Male,Amanda,Anderson,2/05/2001,email,Brainstation-23,checked,pass@1234,pass@1234,Your registration completed, org.testng.TestRunner@66713f0f](4)" classname="Tests.Testcases.UserRegistrationTest" time="8.539">
    <system-out><![CDATA[18:45:10.618 INFO  'Nopcommerce registration feature Test' is successfully passed
18:45:10.618 INFO  ---------------------------------------------------
18:45:14.177 INFO  Starting testcase: testToVerifyRegistration
18:45:15.093 INFO  Open URL: https://demo.nopcommerce.com/
18:45:15.469 INFO  STEP: User landed on NopCommerce homepage
18:45:16.108 INFO  user clicked on register button
18:45:16.237 INFO  STEP: User landed on NopCommerce registration page
18:45:16.452 INFO  Gender selected: Male
18:45:18.785 INFO  First name input field filled with text Amanda
18:45:20.453 INFO  Last name input field filled with text Anderson
18:45:20.970 INFO  Selected birthday: 2
18:45:21.429 INFO  Selected birth month: May
18:45:22.682 INFO  Selected birth year: 2001
]]></system-out>
  </testcase>
  <testcase name="testToVerifyRegistration[Female,Austin,Arnold,10/05/1990,email,Brainstation-23,unchecked,pass@1234,pass@1234,Your registration completed, org.testng.TestRunner@66713f0f](5)" classname="Tests.Testcases.UserRegistrationTest" time="9.584">
    <system-out><![CDATA[18:45:23.685 INFO  'Nopcommerce registration feature Test' is successfully passed
18:45:23.685 INFO  ---------------------------------------------------
18:45:26.449 INFO  Starting testcase: testToVerifyRegistration
18:45:27.424 INFO  Open URL: https://demo.nopcommerce.com/
18:45:28.362 INFO  STEP: User landed on NopCommerce homepage
18:45:30.297 INFO  user clicked on register button
18:45:30.518 INFO  STEP: User landed on NopCommerce registration page
18:45:30.756 INFO  Gender selected: Female
18:45:33.039 INFO  First name input field filled with text Austin
18:45:34.553 INFO  Last name input field filled with text Arnold
18:45:34.728 INFO  Selected birthday: 10
18:45:34.884 INFO  Selected birth month: May
18:45:36.082 INFO  Selected birth year: 1990
]]></system-out>
  </testcase>
</testsuite>