<?xml version="1.0" encoding="UTF-8"?>
<testng-results ignored="0" total="5" passed="5" failed="0" skipped="0">
  <reporter-output>
  </reporter-output>
  <suite started-at="2024-05-04T18:44:39 BDT" name="Suite" finished-at="2024-05-04T18:45:38 BDT" duration-ms="58788">
    <groups>
    </groups>
    <test started-at="2024-05-04T18:44:39 BDT" name="Nopcommerce" finished-at="2024-05-04T18:45:38 BDT" duration-ms="58788">
      <class name="Tests.Testcases.UserRegistrationTest">
        <test-method is-config="true" signature="setup(java.lang.reflect.Method,java.lang.String,java.lang.String)[pri:0, instance:Tests.Testcases.UserRegistrationTest@26d10f2e]" started-at="2024-05-04T18:44:39 BDT" name="setup" finished-at="2024-05-04T18:44:43 BDT" duration-ms="3929" status="PASS">
          <params>
            <param index="0">
              <value>
                <![CDATA[public void Tests.Testcases.UserRegistrationTest.testToVerifyRegistration(java.lang.String,org.testng.ITestContext)]]>
              </value>
            </param>
            <param index="1">
              <value is-null="true"/>
            </param>
            <param index="2">
              <value is-null="true"/>
            </param>
          </params>
          <reporter-output>
          </reporter-output>
        </test-method> <!-- setup -->
        <test-method signature="testToVerifyRegistration(java.lang.String,org.testng.ITestContext)[pri:0, instance:Tests.Testcases.UserRegistrationTest@26d10f2e]" started-at="2024-05-04T18:44:43 BDT" name="testToVerifyRegistration" description="Nopcommerce registration feature Test" data-provider="TestDataProviderFunction" finished-at="2024-05-04T18:44:50 BDT" duration-ms="7596" status="PASS">
          <params>
            <param index="0">
              <value>
                <![CDATA[Male,Anthony,Abraham,20/05/1995,email,Brainstation-23,checked,pass@1234,pass@1234,Your registration completed]]>
              </value>
            </param>
            <param index="1">
              <value>
                <![CDATA[org.testng.TestRunner@66713f0f]]>
              </value>
            </param>
          </params>
          <reporter-output>
          </reporter-output>
        </test-method> <!-- testToVerifyRegistration -->
        <test-method is-config="true" signature="tearDown(org.testng.ITestResult)[pri:0, instance:Tests.Testcases.UserRegistrationTest@26d10f2e]" started-at="2024-05-04T18:44:50 BDT" name="tearDown" finished-at="2024-05-04T18:44:52 BDT" duration-ms="1191" status="PASS">
          <params>
            <param index="0">
              <value>
                <![CDATA[[TestResult name=testToVerifyRegistration status=SUCCESS method=UserRegistrationTest.testToVerifyRegistration(java.lang.String,org.testng.ITestContext)[pri:0, instance:Tests.Testcases.UserRegistrationTest@26d10f2e] output={null}]]]>
              </value>
            </param>
          </params>
          <reporter-output>
          </reporter-output>
        </test-method> <!-- tearDown -->
        <test-method is-config="true" signature="setup(java.lang.reflect.Method,java.lang.String,java.lang.String)[pri:0, instance:Tests.Testcases.UserRegistrationTest@26d10f2e]" started-at="2024-05-04T18:44:52 BDT" name="setup" finished-at="2024-05-04T18:44:53 BDT" duration-ms="1341" status="PASS">
          <params>
            <param index="0">
              <value>
                <![CDATA[public void Tests.Testcases.UserRegistrationTest.testToVerifyRegistration(java.lang.String,org.testng.ITestContext)]]>
              </value>
            </param>
            <param index="1">
              <value is-null="true"/>
            </param>
            <param index="2">
              <value is-null="true"/>
            </param>
          </params>
          <reporter-output>
          </reporter-output>
        </test-method> <!-- setup -->
        <test-method signature="testToVerifyRegistration(java.lang.String,org.testng.ITestContext)[pri:0, instance:Tests.Testcases.UserRegistrationTest@26d10f2e]" started-at="2024-05-04T18:44:53 BDT" name="testToVerifyRegistration" description="Nopcommerce registration feature Test" data-provider="TestDataProviderFunction" finished-at="2024-05-04T18:45:00 BDT" duration-ms="7296" status="PASS">
          <params>
            <param index="0">
              <value>
                <![CDATA[Female,Alexandra,Allan,9/05/1999,email,Brainstation-23,unchecked,pass@1234,pass@1234,Your registration completed]]>
              </value>
            </param>
            <param index="1">
              <value>
                <![CDATA[org.testng.TestRunner@66713f0f]]>
              </value>
            </param>
          </params>
          <reporter-output>
          </reporter-output>
        </test-method> <!-- testToVerifyRegistration -->
        <test-method is-config="true" signature="tearDown(org.testng.ITestResult)[pri:0, instance:Tests.Testcases.UserRegistrationTest@26d10f2e]" started-at="2024-05-04T18:45:00 BDT" name="tearDown" finished-at="2024-05-04T18:45:01 BDT" duration-ms="1099" status="PASS">
          <params>
            <param index="0">
              <value>
                <![CDATA[[TestResult name=testToVerifyRegistration status=SUCCESS method=UserRegistrationTest.testToVerifyRegistration(java.lang.String,org.testng.ITestContext)[pri:0, instance:Tests.Testcases.UserRegistrationTest@26d10f2e] output={null}]]]>
              </value>
            </param>
          </params>
          <reporter-output>
          </reporter-output>
        </test-method> <!-- tearDown -->
        <test-method is-config="true" signature="setup(java.lang.reflect.Method,java.lang.String,java.lang.String)[pri:0, instance:Tests.Testcases.UserRegistrationTest@26d10f2e]" started-at="2024-05-04T18:45:01 BDT" name="setup" finished-at="2024-05-04T18:45:03 BDT" duration-ms="1411" status="PASS">
          <params>
            <param index="0">
              <value>
                <![CDATA[public void Tests.Testcases.UserRegistrationTest.testToVerifyRegistration(java.lang.String,org.testng.ITestContext)]]>
              </value>
            </param>
            <param index="1">
              <value is-null="true"/>
            </param>
            <param index="2">
              <value is-null="true"/>
            </param>
          </params>
          <reporter-output>
          </reporter-output>
        </test-method> <!-- setup -->
        <test-method signature="testToVerifyRegistration(java.lang.String,org.testng.ITestContext)[pri:0, instance:Tests.Testcases.UserRegistrationTest@26d10f2e]" started-at="2024-05-04T18:45:03 BDT" name="testToVerifyRegistration" description="Nopcommerce registration feature Test" data-provider="TestDataProviderFunction" finished-at="2024-05-04T18:45:10 BDT" duration-ms="7283" status="PASS">
          <params>
            <param index="0">
              <value>
                <![CDATA[Female,Alison,Alsop,3/05/2000,email,Brainstation-23,unchecked,pass@1234,pass@1234,Your registration completed]]>
              </value>
            </param>
            <param index="1">
              <value>
                <![CDATA[org.testng.TestRunner@66713f0f]]>
              </value>
            </param>
          </params>
          <reporter-output>
          </reporter-output>
        </test-method> <!-- testToVerifyRegistration -->
        <test-method is-config="true" signature="tearDown(org.testng.ITestResult)[pri:0, instance:Tests.Testcases.UserRegistrationTest@26d10f2e]" started-at="2024-05-04T18:45:10 BDT" name="tearDown" finished-at="2024-05-04T18:45:11 BDT" duration-ms="1088" status="PASS">
          <params>
            <param index="0">
              <value>
                <![CDATA[[TestResult name=testToVerifyRegistration status=SUCCESS method=UserRegistrationTest.testToVerifyRegistration(java.lang.String,org.testng.ITestContext)[pri:0, instance:Tests.Testcases.UserRegistrationTest@26d10f2e] output={null}]]]>
              </value>
            </param>
          </params>
          <reporter-output>
          </reporter-output>
        </test-method> <!-- tearDown -->
        <test-method is-config="true" signature="setup(java.lang.reflect.Method,java.lang.String,java.lang.String)[pri:0, instance:Tests.Testcases.UserRegistrationTest@26d10f2e]" started-at="2024-05-04T18:45:11 BDT" name="setup" finished-at="2024-05-04T18:45:15 BDT" duration-ms="3437" status="PASS">
          <params>
            <param index="0">
              <value>
                <![CDATA[public void Tests.Testcases.UserRegistrationTest.testToVerifyRegistration(java.lang.String,org.testng.ITestContext)]]>
              </value>
            </param>
            <param index="1">
              <value is-null="true"/>
            </param>
            <param index="2">
              <value is-null="true"/>
            </param>
          </params>
          <reporter-output>
          </reporter-output>
        </test-method> <!-- setup -->
        <test-method signature="testToVerifyRegistration(java.lang.String,org.testng.ITestContext)[pri:0, instance:Tests.Testcases.UserRegistrationTest@26d10f2e]" started-at="2024-05-04T18:45:15 BDT" name="testToVerifyRegistration" description="Nopcommerce registration feature Test" data-provider="TestDataProviderFunction" finished-at="2024-05-04T18:45:23 BDT" duration-ms="8540" status="PASS">
          <params>
            <param index="0">
              <value>
                <![CDATA[Male,Amanda,Anderson,2/05/2001,email,Brainstation-23,checked,pass@1234,pass@1234,Your registration completed]]>
              </value>
            </param>
            <param index="1">
              <value>
                <![CDATA[org.testng.TestRunner@66713f0f]]>
              </value>
            </param>
          </params>
          <reporter-output>
          </reporter-output>
        </test-method> <!-- testToVerifyRegistration -->
        <test-method is-config="true" signature="tearDown(org.testng.ITestResult)[pri:0, instance:Tests.Testcases.UserRegistrationTest@26d10f2e]" started-at="2024-05-04T18:45:23 BDT" name="tearDown" finished-at="2024-05-04T18:45:24 BDT" duration-ms="1087" status="PASS">
          <params>
            <param index="0">
              <value>
                <![CDATA[[TestResult name=testToVerifyRegistration status=SUCCESS method=UserRegistrationTest.testToVerifyRegistration(java.lang.String,org.testng.ITestContext)[pri:0, instance:Tests.Testcases.UserRegistrationTest@26d10f2e] output={null}]]]>
              </value>
            </param>
          </params>
          <reporter-output>
          </reporter-output>
        </test-method> <!-- tearDown -->
        <test-method is-config="true" signature="setup(java.lang.reflect.Method,java.lang.String,java.lang.String)[pri:0, instance:Tests.Testcases.UserRegistrationTest@26d10f2e]" started-at="2024-05-04T18:45:24 BDT" name="setup" finished-at="2024-05-04T18:45:27 BDT" duration-ms="2728" status="PASS">
          <params>
            <param index="0">
              <value>
                <![CDATA[public void Tests.Testcases.UserRegistrationTest.testToVerifyRegistration(java.lang.String,org.testng.ITestContext)]]>
              </value>
            </param>
            <param index="1">
              <value is-null="true"/>
            </param>
            <param index="2">
              <value is-null="true"/>
            </param>
          </params>
          <reporter-output>
          </reporter-output>
        </test-method> <!-- setup -->
        <test-method signature="testToVerifyRegistration(java.lang.String,org.testng.ITestContext)[pri:0, instance:Tests.Testcases.UserRegistrationTest@26d10f2e]" started-at="2024-05-04T18:45:27 BDT" name="testToVerifyRegistration" description="Nopcommerce registration feature Test" data-provider="TestDataProviderFunction" finished-at="2024-05-04T18:45:37 BDT" duration-ms="9584" status="PASS">
          <params>
            <param index="0">
              <value>
                <![CDATA[Female,Austin,Arnold,10/05/1990,email,Brainstation-23,unchecked,pass@1234,pass@1234,Your registration completed]]>
              </value>
            </param>
            <param index="1">
              <value>
                <![CDATA[org.testng.TestRunner@66713f0f]]>
              </value>
            </param>
          </params>
          <reporter-output>
          </reporter-output>
        </test-method> <!-- testToVerifyRegistration -->
        <test-method is-config="true" signature="tearDown(org.testng.ITestResult)[pri:0, instance:Tests.Testcases.UserRegistrationTest@26d10f2e]" started-at="2024-05-04T18:45:37 BDT" name="tearDown" finished-at="2024-05-04T18:45:38 BDT" duration-ms="1097" status="PASS">
          <params>
            <param index="0">
              <value>
                <![CDATA[[TestResult name=testToVerifyRegistration status=SUCCESS method=UserRegistrationTest.testToVerifyRegistration(java.lang.String,org.testng.ITestContext)[pri:0, instance:Tests.Testcases.UserRegistrationTest@26d10f2e] output={null}]]]>
              </value>
            </param>
          </params>
          <reporter-output>
          </reporter-output>
        </test-method> <!-- tearDown -->
      </class> <!-- Tests.Testcases.UserRegistrationTest -->
    </test> <!-- Nopcommerce -->
  </suite> <!-- Suite -->
</testng-results>
