<?xml version="1.0" encoding="UTF-8"?>
<testsuite xmlns:xsi="http://www.w3.org/2001/XMLSchema-instance" xsi:noNamespaceSchemaLocation="https://maven.apache.org/surefire/maven-surefire-plugin/xsd/surefire-test-report-3.0.xsd" version="3.0" name="TestSuite" time="110.662" tests="6" errors="0" skipped="0" failures="1">
  <properties>
[...]
</properties>
  <testcase name="testToVerifyPlaceOrderAsGuest[Alla,Donald,email,ABC Ltd,Bangladesh,Dhaka,45 demo street,1200,65898652,Continue, org.testng.TestRunner@476ee5b3](1)" classname="Tests.Testcases.PlaceOrderAsGuestTest" time="25.373">
    <failure message="Select next day air shipping method expected [true] but found [false]" type="java.lang.AssertionError"><![CDATA[java.lang.AssertionError: Select next day air shipping method expected [true] but found [false]
	at org.testng.Assert.fail(Assert.java:111)
	at org.testng.Assert.failNotEquals(Assert.java:1578)
	at org.testng.Assert.assertTrue(Assert.java:57)
	at AbstractComponents.FrameworkAssertionLibrary.stepAssertionShouldBeTrue(FrameworkAssertionLibrary.java:36)
	at Tests.Steps.PlaceOrderAsGuestSteps.userSelectShippingMethodAndClickContinue(PlaceOrderAsGuestSteps.java:141)
	at Tests.Testcases.PlaceOrderAsGuestTest.testToVerifyPlaceOrderAsGuest(PlaceOrderAsGuestTest.java:29)
	at java.base/jdk.internal.reflect.NativeMethodAccessorImpl.invoke0(Native Method)
	at java.base/jdk.internal.reflect.NativeMethodAccessorImpl.invoke(NativeMethodAccessorImpl.java:62)
	at java.base/jdk.internal.reflect.DelegatingMethodAccessorImpl.invoke(DelegatingMethodAccessorImpl.java:43)
	at java.base/java.lang.reflect.Method.invoke(Method.java:566)
	at org.testng.internal.invokers.MethodInvocationHelper.invokeMethod(MethodInvocationHelper.java:141)
	at org.testng.internal.invokers.TestInvoker.invokeMethod(TestInvoker.java:686)
	at org.testng.internal.invokers.TestInvoker.invokeTestMethod(TestInvoker.java:230)
	at org.testng.internal.invokers.MethodRunner.runInSequence(MethodRunner.java:63)
	at org.testng.internal.invokers.TestInvoker$MethodInvocationAgent.invoke(TestInvoker.java:992)
	at org.testng.internal.invokers.TestInvoker.invokeTestMethods(TestInvoker.java:203)
	at org.testng.internal.invokers.TestMethodWorker.invokeTestMethods(TestMethodWorker.java:154)
	at org.testng.internal.invokers.TestMethodWorker.run(TestMethodWorker.java:134)
	at java.base/java.util.ArrayList.forEach(ArrayList.java:1541)
	at org.testng.TestRunner.privateRun(TestRunner.java:739)
	at org.testng.TestRunner.run(TestRunner.java:614)
	at org.testng.SuiteRunner.runTest(SuiteRunner.java:421)
	at org.testng.SuiteRunner.runSequentially(SuiteRunner.java:413)
	at org.testng.SuiteRunner.privateRun(SuiteRunner.java:373)
	at org.testng.SuiteRunner.run(SuiteRunner.java:312)
	at org.testng.SuiteRunnerWorker.runSuite(SuiteRunnerWorker.java:52)
	at org.testng.SuiteRunnerWorker.run(SuiteRunnerWorker.java:95)
	at org.testng.TestNG.runSuitesSequentially(TestNG.java:1274)
	at org.testng.TestNG.runSuitesLocally(TestNG.java:1208)
	at org.testng.TestNG.runSuites(TestNG.java:1112)
	at org.testng.TestNG.run(TestNG.java:1079)
	at org.apache.maven.surefire.testng.TestNGExecutor.run(TestNGExecutor.java:155)
	at org.apache.maven.surefire.testng.TestNGDirectoryTestSuite.executeMulti(TestNGDirectoryTestSuite.java:169)
	at org.apache.maven.surefire.testng.TestNGDirectoryTestSuite.execute(TestNGDirectoryTestSuite.java:88)
	at org.apache.maven.surefire.testng.TestNGProvider.invoke(TestNGProvider.java:137)
	at org.apache.maven.surefire.booter.ForkedBooter.runSuitesInProcess(ForkedBooter.java:385)
	at org.apache.maven.surefire.booter.ForkedBooter.execute(ForkedBooter.java:162)
	at org.apache.maven.surefire.booter.ForkedBooter.run(ForkedBooter.java:507)
	at org.apache.maven.surefire.booter.ForkedBooter.main(ForkedBooter.java:495)
]]></failure>
    <system-out><![CDATA[Method NAME IS : testToVerifyPlaceOrderAsGuest
02:50:34.683 INFO  Starting testcase: testToVerifyPlaceOrderAsGuest
02:50:36.191 INFO  Open URL: https://demo.nopcommerce.com/
02:50:36.605 INFO  STEP: User landed on NopCommerce homepage
02:50:37.789 INFO  Clicking cell phones category option
02:50:40.790 INFO  STEP: User click Cell phones option from Electronics category
02:50:41.447 INFO  Click on Nokia Lumia 1020 for details page
02:50:41.447 INFO  STEP: User click on the Nokia Lumia 1020 for product details
02:50:41.777 INFO  Enter quantity of product
02:50:41.778 INFO  STEP: User set the quantity number 2 in the quantity field
02:50:41.862 INFO  Click add to cart button
02:50:41.862 INFO  STEP: User click on the ADD TO CART button
02:50:43.173 INFO  Navigating to shopping cart
02:50:43.174 INFO  STEP: User go to the shipping cart page
02:50:43.415 INFO  Accept terms and condition
02:50:44.286 INFO  Click checkout button
02:50:44.287 INFO  STEP: Accept terms and condition and click checkout button
02:50:45.164 INFO  Click checkout as guest button
02:50:45.164 INFO  STEP: Click checkout as guest button
02:50:51.343 INFO  First name input field filled with text Alla
02:50:52.493 INFO  Last name input field filled with text Donald
02:50:53.678 INFO  Email input field filled with text email2024061630206175@automation.com
02:50:54.809 INFO  Company input field filled with text ABC Ltd
02:50:56.045 INFO  City input field filled with text Dhaka
02:50:57.181 INFO  Address 1 input field filled with text 45 demo street
02:50:58.330 INFO  Zip / postal code input field filled with text 1200
02:50:59.484 INFO  Phone number input field filled with text 65898652
02:50:59.621 INFO  CONTINUE button is clicked 
02:50:59.621 INFO  STEP: Enter details for shipping
02:51:01.700 INFO  Selecting shipping method
]]></system-out>
    <system-err><![CDATA[SLF4J: Failed to load class "org.slf4j.impl.StaticLoggerBinder".
SLF4J: Defaulting to no-operation (NOP) logger implementation
SLF4J: See http://www.slf4j.org/codes.html#StaticLoggerBinder for further details.
Jun 11, 2024 2:50:34 AM org.openqa.selenium.devtools.CdpVersionFinder findNearestMatch
WARNING: Unable to find an exact match for CDP version 125, returning the closest version; found: 122; Please update to a Selenium version that supports CDP version 125
]]></system-err>
  </testcase>
  <testcase name="testToVerifyRegistration[Male,Anthony,Abraham,20/05/1995,email,Abc company-23,checked,pass@1234,pass@1234,Register,Your registration completed, org.testng.TestRunner@476ee5b3](1)" classname="Tests.Testcases.UserRegistrationTest" time="12.043">
    <system-out><![CDATA[02:51:01.727 INFO  'User should be able to successfully place order as a guest user' failed
02:51:01.727 INFO  ---------------------------------------------------
Method NAME IS : testToVerifyRegistration
02:51:03.343 INFO  Starting testcase: testToVerifyRegistration
02:51:04.609 INFO  Open URL: https://demo.nopcommerce.com/
02:51:04.825 INFO  STEP: User landed on NopCommerce homepage
02:51:05.340 INFO  user clicked on register button
02:51:05.396 INFO  STEP: User landed on NopCommerce registration page
02:51:05.484 INFO  Gender selected: Male
02:51:06.491 INFO  STEP: Gender field is selected
02:51:07.647 INFO  First name input field filled with text Anthony
02:51:08.783 INFO  Last name input field filled with text Abraham
02:51:08.787 INFO  STEP: Entered user last name and first name field
02:51:08.961 INFO  Selected birthday: 20
02:51:09.094 INFO  Selected birth month: May
02:51:10.181 INFO  Selected birth year: 1995
02:51:11.182 INFO  STEP: User date of birth is selected
02:51:12.380 INFO  Email input field filled with text email2024061630206183@automation.com
02:51:12.381 INFO  STEP: User email is entered
02:51:13.530 INFO  Company name input field filled with text Abc company-23
02:51:13.530 INFO  STEP: Company name of user is set
02:51:13.556 INFO  Newsletter checkbox is selected for the user
02:51:13.557 INFO  STEP: Newsletter status is set
02:51:14.690 INFO  Password input field filled with text pass@1234
02:51:15.902 INFO  Confirm password input field filled with text pass@1234
02:51:15.902 INFO  STEP: Entered value on Password and confirm password field
02:51:16.718 INFO  REGISTER button is clicked 
02:51:16.718 INFO  STEP: user register button is clicked
02:51:16.783 INFO  STEP: Registration confirmation message is displayed
]]></system-out>
    <system-err><![CDATA[Jun 11, 2024 2:51:03 AM org.openqa.selenium.devtools.CdpVersionFinder findNearestMatch
WARNING: Unable to find an exact match for CDP version 125, returning the closest version; found: 122; Please update to a Selenium version that supports CDP version 125
]]></system-err>
  </testcase>
  <testcase name="testToVerifyRegistration[Female,Alexandra,Allan,9/05/1999,email,Abc company-23,unchecked,pass@1234,pass@1234,Register,Your registration completed, org.testng.TestRunner@476ee5b3](2)" classname="Tests.Testcases.UserRegistrationTest" time="13.372">
    <system-out><![CDATA[02:51:16.785 INFO  'Nopcommerce registration feature Test' is successfully passed
02:51:16.785 INFO  ---------------------------------------------------
02:51:18.697 INFO  Starting testcase: testToVerifyRegistration
02:51:19.259 INFO  Open URL: https://demo.nopcommerce.com/
02:51:19.462 INFO  STEP: User landed on NopCommerce homepage
02:51:19.946 INFO  user clicked on register button
02:51:20.035 INFO  STEP: User landed on NopCommerce registration page
02:51:20.131 INFO  Gender selected: Female
02:51:21.136 INFO  STEP: Gender field is selected
02:51:22.288 INFO  First name input field filled with text Alexandra
02:51:23.465 INFO  Last name input field filled with text Allan
02:51:23.465 INFO  STEP: Entered user last name and first name field
02:51:23.551 INFO  Selected birthday: 9
02:51:23.629 INFO  Selected birth month: May
02:51:24.762 INFO  Selected birth year: 1999
02:51:25.776 INFO  STEP: User date of birth is selected
02:51:26.963 INFO  Email input field filled with text email2024061630206776@automation.com
02:51:26.963 INFO  STEP: User email is entered
02:51:28.174 INFO  Company name input field filled with text Abc company-23
02:51:28.175 INFO  STEP: Company name of user is set
02:51:29.279 INFO  Newsletter checkbox is unselected for the user
02:51:29.279 INFO  STEP: Newsletter status is set
02:51:30.430 INFO  Password input field filled with text pass@1234
02:51:31.640 INFO  Confirm password input field filled with text pass@1234
02:51:31.640 INFO  STEP: Entered value on Password and confirm password field
02:51:32.591 INFO  REGISTER button is clicked 
02:51:32.592 INFO  STEP: user register button is clicked
02:51:32.708 INFO  STEP: Registration confirmation message is displayed
]]></system-out>
    <system-err><![CDATA[Jun 11, 2024 2:51:18 AM org.openqa.selenium.devtools.CdpVersionFinder findNearestMatch
WARNING: Unable to find an exact match for CDP version 125, returning the closest version; found: 122; Please update to a Selenium version that supports CDP version 125
]]></system-err>
  </testcase>
  <testcase name="testToVerifyRegistration[Female,Alison,Alsop,3/05/2000,email,Abc company-23,unchecked,pass@1234,pass@1234,Register,Your registration completed, org.testng.TestRunner@476ee5b3](3)" classname="Tests.Testcases.UserRegistrationTest" time="13.222">
    <system-out><![CDATA[02:51:32.710 INFO  'Nopcommerce registration feature Test' is successfully passed
02:51:32.710 INFO  ---------------------------------------------------
02:51:34.699 INFO  Starting testcase: testToVerifyRegistration
02:51:35.393 INFO  Open URL: https://demo.nopcommerce.com/
02:51:35.683 INFO  STEP: User landed on NopCommerce homepage
02:51:36.211 INFO  user clicked on register button
02:51:36.289 INFO  STEP: User landed on NopCommerce registration page
02:51:36.402 INFO  Gender selected: Female
02:51:37.404 INFO  STEP: Gender field is selected
02:51:38.557 INFO  First name input field filled with text Alison
02:51:39.724 INFO  Last name input field filled with text Alsop
02:51:39.725 INFO  STEP: Entered user last name and first name field
02:51:39.841 INFO  Selected birthday: 3
02:51:39.925 INFO  Selected birth month: May
02:51:41.000 INFO  Selected birth year: 2000
02:51:42.003 INFO  STEP: User date of birth is selected
02:51:43.215 INFO  Email input field filled with text email202406163020603@automation.com
02:51:43.216 INFO  STEP: User email is entered
02:51:44.416 INFO  Company name input field filled with text Abc company-23
02:51:44.416 INFO  STEP: Company name of user is set
02:51:45.501 INFO  Newsletter checkbox is unselected for the user
02:51:45.501 INFO  STEP: Newsletter status is set
02:51:46.734 INFO  Password input field filled with text pass@1234
02:51:47.886 INFO  Confirm password input field filled with text pass@1234
02:51:47.886 INFO  STEP: Entered value on Password and confirm password field
02:51:48.626 INFO  REGISTER button is clicked 
02:51:48.629 INFO  STEP: user register button is clicked
02:51:48.725 INFO  STEP: Registration confirmation message is displayed
]]></system-out>
    <system-err><![CDATA[Jun 11, 2024 2:51:34 AM org.openqa.selenium.devtools.CdpVersionFinder findNearestMatch
WARNING: Unable to find an exact match for CDP version 125, returning the closest version; found: 122; Please update to a Selenium version that supports CDP version 125
]]></system-err>
  </testcase>
  <testcase name="testToVerifyRegistration[Male,Amanda,Anderson,2/05/2001,email,Abc company-23,checked,pass@1234,pass@1234,Register,Your registration completed, org.testng.TestRunner@476ee5b3](4)" classname="Tests.Testcases.UserRegistrationTest" time="12.244">
    <system-out><![CDATA[02:51:48.726 INFO  'Nopcommerce registration feature Test' is successfully passed
02:51:48.726 INFO  ---------------------------------------------------
02:51:50.528 INFO  Starting testcase: testToVerifyRegistration
02:51:51.217 INFO  Open URL: https://demo.nopcommerce.com/
02:51:51.451 INFO  STEP: User landed on NopCommerce homepage
02:51:51.952 INFO  user clicked on register button
02:51:52.009 INFO  STEP: User landed on NopCommerce registration page
02:51:52.103 INFO  Gender selected: Male
02:51:53.109 INFO  STEP: Gender field is selected
02:51:54.294 INFO  First name input field filled with text Amanda
02:51:55.461 INFO  Last name input field filled with text Anderson
02:51:55.461 INFO  STEP: Entered user last name and first name field
02:51:55.559 INFO  Selected birthday: 2
02:51:55.628 INFO  Selected birth month: May
02:51:56.710 INFO  Selected birth year: 2001
02:51:57.720 INFO  STEP: User date of birth is selected
02:51:58.898 INFO  Email input field filled with text email2024061630206721@automation.com
02:51:58.898 INFO  STEP: User email is entered
02:52:00.065 INFO  Company name input field filled with text Abc company-23
02:52:00.065 INFO  STEP: Company name of user is set
02:52:00.108 INFO  Newsletter checkbox is selected for the user
02:52:00.108 INFO  STEP: Newsletter status is set
02:52:01.273 INFO  Password input field filled with text pass@1234
02:52:02.597 INFO  Confirm password input field filled with text pass@1234
02:52:02.598 INFO  STEP: Entered value on Password and confirm password field
02:52:03.408 INFO  REGISTER button is clicked 
02:52:03.410 INFO  STEP: user register button is clicked
02:52:03.515 INFO  STEP: Registration confirmation message is displayed
]]></system-out>
    <system-err><![CDATA[Jun 11, 2024 2:51:50 AM org.openqa.selenium.devtools.CdpVersionFinder findNearestMatch
WARNING: Unable to find an exact match for CDP version 125, returning the closest version; found: 122; Please update to a Selenium version that supports CDP version 125
]]></system-err>
  </testcase>
  <testcase name="testToVerifyRegistration[Female,Austin,Arnold,10/05/1990,email,Abc company-23,unchecked,pass@1234,pass@1234,Register,Your registration completed, org.testng.TestRunner@476ee5b3](5)" classname="Tests.Testcases.UserRegistrationTest" time="13.435">
    <system-out><![CDATA[02:52:03.516 INFO  'Nopcommerce registration feature Test' is successfully passed
02:52:03.516 INFO  ---------------------------------------------------
02:52:05.767 INFO  Starting testcase: testToVerifyRegistration
02:52:07.005 INFO  Open URL: https://demo.nopcommerce.com/
02:52:07.250 INFO  STEP: User landed on NopCommerce homepage
02:52:07.774 INFO  user clicked on register button
02:52:07.856 INFO  STEP: User landed on NopCommerce registration page
02:52:08.016 INFO  Gender selected: Female
02:52:09.018 INFO  STEP: Gender field is selected
02:52:10.171 INFO  First name input field filled with text Austin
02:52:11.357 INFO  Last name input field filled with text Arnold
02:52:11.358 INFO  STEP: Entered user last name and first name field
02:52:11.489 INFO  Selected birthday: 10
02:52:11.579 INFO  Selected birth month: May
02:52:12.711 INFO  Selected birth year: 1990
02:52:13.716 INFO  STEP: User date of birth is selected
02:52:14.913 INFO  Email input field filled with text email2024061630206716@automation.com
02:52:14.913 INFO  STEP: User email is entered
02:52:16.144 INFO  Company name input field filled with text Abc company-23
02:52:16.145 INFO  STEP: Company name of user is set
02:52:17.238 INFO  Newsletter checkbox is unselected for the user
02:52:17.238 INFO  STEP: Newsletter status is set
02:52:18.519 INFO  Password input field filled with text pass@1234
02:52:19.682 INFO  Confirm password input field filled with text pass@1234
02:52:19.682 INFO  STEP: Entered value on Password and confirm password field
02:52:20.444 INFO  REGISTER button is clicked 
02:52:20.444 INFO  STEP: user register button is clicked
02:52:20.503 INFO  STEP: Registration confirmation message is displayed
]]></system-out>
    <system-err><![CDATA[Jun 11, 2024 2:52:05 AM org.openqa.selenium.devtools.CdpVersionFinder findNearestMatch
WARNING: Unable to find an exact match for CDP version 125, returning the closest version; found: 122; Please update to a Selenium version that supports CDP version 125
]]></system-err>
  </testcase>
</testsuite>