<?xml version="1.0" encoding="UTF-8"?>
<testsuite xmlns:xsi="http://www.w3.org/2001/XMLSchema-instance" xsi:noNamespaceSchemaLocation="https://maven.apache.org/surefire/maven-surefire-plugin/xsd/surefire-test-report-3.0.xsd" version="3.0" name="TestSuite" time="32.72" tests="1" errors="0" skipped="0" failures="1">
  <properties>
[...]
</properties>
  <testcase name="testToVerifyPlaceOrderAsGuest[Alla,Donald,email,ABC Ltd,Bangladesh,Dhaka,45 demo street,1200,65898652,Continue, org.testng.TestRunner@f3b7c11](1)" classname="tests.testcases.PlaceOrderAsGuestTest" time="25.951">
    <failure message="Select next day air shipping method expected [true] but found [false]" type="java.lang.AssertionError"><![CDATA[java.lang.AssertionError: Select next day air shipping method expected [true] but found [false]
	at org.testng.Assert.fail(Assert.java:111)
	at org.testng.Assert.failNotEquals(Assert.java:1578)
	at org.testng.Assert.assertTrue(Assert.java:57)
	at abstractComponents.FrameworkAssertionLibrary.stepAssertionShouldBeTrue(FrameworkAssertionLibrary.java:36)
	at tests.steps.PlaceOrderAsGuestSteps.userSelectShippingMethodAndClickContinue(PlaceOrderAsGuestSteps.java:141)
	at tests.testcases.PlaceOrderAsGuestTest.testToVerifyPlaceOrderAsGuest(PlaceOrderAsGuestTest.java:29)
	at java.base/jdk.internal.reflect.NativeMethodAccessorImpl.invoke0(Native Method)
	at java.base/jdk.internal.reflect.NativeMethodAccessorImpl.invoke(NativeMethodAccessorImpl.java:62)
	at java.base/jdk.internal.reflect.DelegatingMethodAccessorImpl.invoke(DelegatingMethodAccessorImpl.java:43)
	at java.base/java.lang.reflect.Method.invoke(Method.java:566)
	at org.testng.internal.invokers.MethodInvocationHelper.invokeMethod(MethodInvocationHelper.java:139)
	at org.testng.internal.invokers.TestInvoker.invokeMethod(TestInvoker.java:664)
	at org.testng.internal.invokers.TestInvoker.invokeTestMethod(TestInvoker.java:227)
	at org.testng.internal.invokers.MethodRunner.runInSequence(MethodRunner.java:50)
	at org.testng.internal.invokers.TestInvoker$MethodInvocationAgent.invoke(TestInvoker.java:957)
	at org.testng.internal.invokers.TestInvoker.invokeTestMethods(TestInvoker.java:200)
	at org.testng.internal.invokers.TestMethodWorker.invokeTestMethods(TestMethodWorker.java:148)
	at org.testng.internal.invokers.TestMethodWorker.run(TestMethodWorker.java:128)
	at java.base/java.util.ArrayList.forEach(ArrayList.java:1541)
	at org.testng.TestRunner.privateRun(TestRunner.java:848)
	at org.testng.TestRunner.run(TestRunner.java:621)
	at org.testng.SuiteRunner.runTest(SuiteRunner.java:443)
	at org.testng.SuiteRunner$SuiteWorker.run(SuiteRunner.java:481)
	at org.testng.internal.thread.ThreadUtil.lambda$execute$0(ThreadUtil.java:58)
	at java.base/java.util.concurrent.FutureTask.run(FutureTask.java:264)
	at java.base/java.util.concurrent.ThreadPoolExecutor.runWorker(ThreadPoolExecutor.java:1128)
	at java.base/java.util.concurrent.ThreadPoolExecutor$Worker.run(ThreadPoolExecutor.java:628)
	at java.base/java.lang.Thread.run(Thread.java:834)
]]></failure>
    <system-out><![CDATA[Method NAME IS : testToVerifyPlaceOrderAsGuest
19:02:56.770 INFO  Starting testcase: testToVerifyPlaceOrderAsGuest
19:02:58.562 INFO  Open URL: https://demo.nopcommerce.com/
19:02:58.772 INFO  STEP: User landed on NopCommerce homepage
19:02:59.634 INFO  Clicking cell phones category option
19:03:02.636 INFO  STEP: User click Cell phones option from Electronics category
19:03:03.312 INFO  Click on Nokia Lumia 1020 for details page
19:03:03.313 INFO  STEP: User click on the Nokia Lumia 1020 for product details
19:03:03.804 INFO  Enter quantity of product
19:03:03.804 INFO  STEP: User set the quantity number 2 in the quantity field
19:03:03.920 INFO  Click add to cart button
19:03:03.921 INFO  STEP: User click on the ADD TO CART button
19:03:05.079 INFO  Navigating to shopping cart
19:03:05.079 INFO  STEP: User go to the shipping cart page
19:03:05.299 INFO  Accept terms and condition
19:03:06.129 INFO  Click checkout button
19:03:06.130 INFO  STEP: Accept terms and condition and click checkout button
19:03:07.047 INFO  Click checkout as guest button
19:03:07.047 INFO  STEP: Click checkout as guest button
19:03:13.314 INFO  First name input field filled with text Alla
19:03:14.577 INFO  Last name input field filled with text Donald
19:03:15.903 INFO  Email input field filled with text email202406163190660@automation.com
19:03:17.117 INFO  Company input field filled with text ABC Ltd
19:03:18.521 INFO  City input field filled with text Dhaka
19:03:19.782 INFO  Address 1 input field filled with text 45 demo street
19:03:20.950 INFO  Zip / postal code input field filled with text 1200
19:03:22.136 INFO  Phone number input field filled with text 65898652
19:03:22.220 INFO  CONTINUE button is clicked 
19:03:22.220 INFO  STEP: Enter details for shipping
19:03:24.304 INFO  Selecting shipping method
]]></system-out>
    <system-err><![CDATA[SLF4J: Failed to load class "org.slf4j.impl.StaticLoggerBinder".
SLF4J: Defaulting to no-operation (NOP) logger implementation
SLF4J: See http://www.slf4j.org/codes.html#StaticLoggerBinder for further details.
Jun 11, 2024 7:02:56 PM org.openqa.selenium.devtools.CdpVersionFinder findNearestMatch
WARNING: Unable to find an exact match for CDP version 125, returning the closest version; found: 122; Please update to a Selenium version that supports CDP version 125
]]></system-err>
  </testcase>
</testsuite>